build/app/outputs/mapping/release/seeds.txt
com.example.mebook.MainActivity
com.example.mebook.MainActivity: MainActivity()
...
com.google.android.recaptcha.internal.zzgo: boolean equals(java.lang.Object)
com.google.android.gms.internal.firebase-auth-api.zzaeo: boolean zzf()
com.google.android.gms.internal.firebase-auth-api.zzhj: com.google.android.gms.internal.firebase-auth-api.zzakn zza(com.google.android.gms.internal.firebase-auth-api.zzahp)
com.google.android.gms.internal.firebase-auth-api.zzacu: void zza(com.google.android.gms.internal.firebase-auth-api.zzaer,com.google.android.gms.internal.firebase-auth-api.zzadk)
com.google.gson.FieldNamingPolicy: com.google.gson.FieldNamingPolicy[] values()
com.google.android.gms.internal.firebase-auth-api.zzagv: java.lang.String zzf()
com.google.android.gms.internal.firebase-auth-api.zzaeu: com.google.android.gms.internal.firebase-auth-api.zzaeu zza(java.lang.String,java.lang.String,java.lang.String,java.lang.String)
com.tencent.smtt.sdk.v: boolean d(android.content.Context)
com.google.android.gms.internal.auth.zzcd: zzcd(android.content.Context,com.google.android.gms.internal.auth.zzdj)
com.google.android.gms.internal.firebase-auth-api.zzacg: void zza(com.google.android.gms.internal.firebase-auth-api.zzxv,com.google.android.gms.internal.firebase-auth-api.zzace)
com.google.android.gms.internal.firebase-auth-api.zzamh: zzamh(com.google.android.gms.internal.firebase-auth-api.zzamf)
com.google.android.gms.internal.base.zai: int getChangingConfigurations()
com.google.android.gms.internal.firebase-auth-api.zzuv: com.google.android.gms.internal.firebase-auth-api.zzahp zzf()
com.tencent.smtt.sdk.l: int d()
com.tencent.smtt.export.external.extension.interfaces.IX5WebViewExtension: void clearServiceWorkerCache()
io.flutter.embedding.engine.FlutterJNI: void nativePrefetchDefaultFontManager()
com.google.android.recaptcha.internal.zzib: int zzb(java.lang.Object)
com.google.android.recaptcha.internal.zzgp: int indexOf(java.lang.Object)
com.google.android.recaptcha.internal.zzek: boolean retainAll(java.util.Collection)
com.tencent.smtt.export.external.extension.interfaces.IX5WebViewExtension: void doFingerSearchIfNeed()
com.google.android.gms.internal.firebase-auth-api.zzfg: java.lang.String zze()
com.google.android.gms.internal.firebase-auth-api.zzed: boolean equals(java.lang.Object)
com.google.android.gms.internal.firebase-auth-api.zzsy: void zza(com.google.android.gms.internal.firebase-auth-api.zzahp)
com.google.android.gms.internal.firebase-auth-api.zzaeh: java.lang.String zzb()
com.google.android.recaptcha.internal.zzlf: com.google.android.recaptcha.internal.zzlf zzq(com.google.android.recaptcha.internal.zzfw)
com.google.android.gms.internal.firebase-auth-api.zzakj: boolean zzf(java.lang.Object)
com.google.firebase.firestore.FirestoreRegistrar: FirestoreRegistrar()
com.tencent.smtt.sdk.WebSettings: boolean getBuiltInZoomControls()
com.google.android.gms.internal.firebase-auth-api.zzsf: void zza(com.google.android.gms.internal.firebase-auth-api.zzsf,com.google.android.gms.internal.firebase-auth-api.zzsj)
com.tencent.smtt.export.external.extension.interfaces.IX5WebViewExtension: java.lang.String getFocusCandidateText()
com.tencent.smtt.sdk.SystemWebViewClient$c: SystemWebViewClient$c(android.webkit.SslErrorHandler)
com.google.android.gms.internal.fido.zzu: zzu()
com.tencent.smtt.sdk.JsValue: com.tencent.smtt.sdk.JsValue construct(java.lang.Object[])
com.google.android.recaptcha.internal.zzez: byte zza(int)
com.google.android.gms.internal.firebase-auth-api.zzyh: com.google.android.gms.common.api.Status zza()
com.tencent.smtt.sdk.WebViewClient: boolean onRenderProcessGone(com.tencent.smtt.sdk.WebView,com.tencent.smtt.sdk.WebViewClient$RenderProcessGoneDetail)
org.threeten.bp.chrono.Ser: java.lang.Object readResolve()
com.google.android.gms.internal.firebase-auth-api.zzvr: com.google.android.gms.internal.firebase-auth-api.zzvr zzd()
com.google.android.gms.internal.firebase-auth-api.zzajv: void zzb(java.lang.Object,long)