build/app/outputs/mapping/release/mapping.txt
# compiler: R8
# compiler_version: 3.1.66
# min_api: 21
# pg_map_id: 66d3e0a
# common_typos_disable
# {"id":"com.android.tools.r8.mapping","version":"1.0"}
...
io.flutter.embedding.engine.dart.DartMessenger -> k5.c:
    io.flutter.embedding.engine.FlutterJNI flutterJNI -> a
    java.util.Map messageHandlers -> b
    io.flutter.embedding.engine.dart.DartMessenger$TaskQueueFactory taskQueueFactory -> j
    java.util.Map bufferedMessages -> c
    java.util.concurrent.atomic.AtomicBoolean enableBufferingIncomingMessages -> e
    io.flutter.embedding.engine.dart.DartMessenger$DartMessengerTaskQueue platformTaskQueue -> h
    java.util.WeakHashMap createdTaskQueues -> i
    java.lang.Object handlersLock -> d
    int nextReplyId -> g
    java.util.Map pendingReplies -> f
    io.flutter.plugin.common.BinaryMessenger$TaskQueue makeBackgroundTaskQueue(io.flutter.plugin.common.BinaryMessenger$TaskQueueOptions) -> a
    void setMessageHandler(java.lang.String,io.flutter.plugin.common.BinaryMessenger$BinaryMessageHandler,io.flutter.plugin.common.BinaryMessenger$TaskQueue) -> b
    io.flutter.plugin.common.BinaryMessenger$TaskQueue makeBackgroundTaskQueue() -> c
      # {"id":"com.android.tools.r8.synthesized"}
    void setMessageHandler(java.lang.String,io.flutter.plugin.common.BinaryMessenger$BinaryMessageHandler) -> d
    void send(java.lang.String,java.nio.ByteBuffer) -> e
    void handlePlatformMessageResponse(int,java.nio.ByteBuffer) -> f
    void send(java.lang.String,java.nio.ByteBuffer,io.flutter.plugin.common.BinaryMessenger$BinaryReply) -> g
    void handleMessageFromDart(java.lang.String,java.nio.ByteBuffer,int,long) -> h
io.flutter.embedding.engine.dart.DartMessenger$1 -> k5.c$a:
io.flutter.embedding.engine.dart.DartMessenger$BufferedMessageInfo -> k5.c$b:
    long messageData -> c
    int replyId -> b
    java.nio.ByteBuffer message -> a
io.flutter.embedding.engine.dart.DartMessenger$ConcurrentTaskQueue -> k5.c$c:
    java.util.concurrent.ExecutorService executor -> a
    void dispatch(java.lang.Runnable) -> a
io.flutter.embedding.engine.dart.DartMessenger$DartMessengerTaskQueue -> k5.c$d:
    void dispatch(java.lang.Runnable) -> a
io.flutter.embedding.engine.dart.DartMessenger$DefaultTaskQueueFactory -> k5.c$e:
    java.util.concurrent.ExecutorService executorService -> a
    io.flutter.embedding.engine.dart.DartMessenger$DartMessengerTaskQueue makeBackgroundTaskQueue(io.flutter.plugin.common.BinaryMessenger$TaskQueueOptions) -> a
io.flutter.embedding.engine.dart.DartMessenger$HandlerInfo -> k5.c$f:
    io.flutter.plugin.common.BinaryMessenger$BinaryMessageHandler handler -> a
    io.flutter.embedding.engine.dart.DartMessenger$DartMessengerTaskQueue taskQueue -> b
io.flutter.embedding.engine.dart.DartMessenger$Reply -> k5.c$g:
    io.flutter.embedding.engine.FlutterJNI flutterJNI -> a
    java.util.concurrent.atomic.AtomicBoolean done -> c
    int replyId -> b
    void reply(java.nio.ByteBuffer) -> a
io.flutter.embedding.engine.dart.DartMessenger$SerialTaskQueue -> k5.c$h:
    java.util.concurrent.atomic.AtomicBoolean isRunning -> c
    java.util.concurrent.ConcurrentLinkedQueue queue -> b
    java.util.concurrent.ExecutorService executor -> a
    void dispatch(java.lang.Runnable) -> a
    void $r8$lambda$F0iXMzLdPiwUET1ugdCo3vpOFvI(io.flutter.embedding.engine.dart.DartMessenger$SerialTaskQueue) -> b
      # {"id":"com.android.tools.r8.synthesized"}
    void $r8$lambda$Z_QpOFGAZlPwSj4jhPkDhTfI820(io.flutter.embedding.engine.dart.DartMessenger$SerialTaskQueue) -> c
      # {"id":"com.android.tools.r8.synthesized"}
    void flush() -> d
    void lambda$dispatch$0() -> e
    void lambda$flush$1() -> f
io.flutter.embedding.engine.dart.DartMessenger$TaskQueueFactory -> k5.c$i:
    io.flutter.embedding.engine.dart.DartMessenger$DartMessengerTaskQueue makeBackgroundTaskQueue(io.flutter.plugin.common.BinaryMessenger$TaskQueueOptions) -> a
io.flutter.embedding.engine.dart.DartMessenger$TaskQueueToken -> k5.c$j: