build/app/outputs/mapping/release/usage.txt
com.example.mebook.BuildConfig
com.example.mebook.R$attr
com.example.mebook.R$color
com.example.mebook.R$dimen
com.example.mebook.R$drawable
com.example.mebook.R$id
com.example.mebook.R$integer
com.example.mebook.R$layout
com.example.mebook.R$menu
com.example.mebook.R$mipmap
com.example.mebook.R$raw
com.example.mebook.R$string
com.example.mebook.R$style
com.example.mebook.R$styleable
com.example.mebook.R$xml
com.example.mebook.R
...
com.google.api.Distribution$BucketOptions$Linear$Builder
com.google.api.Distribution$BucketOptions$Linear
com.google.api.Distribution$BucketOptions$LinearOrBuilder
com.google.api.Distribution$BucketOptions$OptionsCase
com.google.api.Distribution$BucketOptions
com.google.api.Distribution$BucketOptionsOrBuilder
com.google.api.Distribution$Builder
com.google.api.Distribution$Exemplar$Builder
com.google.api.Distribution$Exemplar
com.google.api.Distribution$ExemplarOrBuilder
com.google.api.Distribution$Range$Builder
com.google.api.Distribution$Range
com.google.api.Distribution$RangeOrBuilder
com.google.api.Distribution
com.google.api.DistributionOrBuilder
com.google.api.DistributionProto
com.google.api.Documentation$1
com.google.api.Documentation$Builder
com.google.api.Documentation
com.google.api.DocumentationOrBuilder
com.google.api.DocumentationProto
com.google.api.DocumentationRule$1
com.google.api.DocumentationRule$Builder
com.google.api.DocumentationRule
com.google.api.DocumentationRuleOrBuilder
com.google.api.Endpoint$1
com.google.api.Endpoint$Builder
com.google.api.Endpoint
com.google.api.EndpointOrBuilder
com.google.api.EndpointProto
com.google.api.FieldBehavior$1
com.google.api.FieldBehavior$FieldBehaviorVerifier
com.google.api.FieldBehavior
com.google.api.FieldBehaviorProto
com.google.api.Http$1
com.google.api.Http$Builder
com.google.api.Http
com.google.api.HttpBody$1
com.google.api.HttpBody$Builder
com.google.api.HttpBody
com.google.api.HttpBodyOrBuilder
com.google.api.HttpBodyProto
com.google.api.HttpOrBuilder
com.google.api.HttpProto
com.google.api.HttpRule$1
com.google.api.HttpRule$Builder
com.google.api.HttpRule$PatternCase
com.google.api.HttpRule
com.google.api.HttpRuleOrBuilder
com.google.api.JwtLocation$1
com.google.api.JwtLocation$Builder
com.google.api.JwtLocation$InCase
com.google.api.JwtLocation
com.google.api.JwtLocationOrBuilder
com.google.api.LabelDescriptor$1
com.google.api.LabelDescriptor$Builder
com.google.api.LabelDescriptor$ValueType$1
com.google.api.LabelDescriptor$ValueType$ValueTypeVerifier
com.google.api.LabelDescriptor$ValueType
com.google.api.LabelDescriptor
com.google.api.LabelDescriptorOrBuilder
com.google.api.LabelProto
com.google.api.LaunchStage$1
com.google.api.LaunchStage$LaunchStageVerifier
com.google.api.LaunchStage
com.google.api.LaunchStageProto
com.google.api.LogDescriptor$1
com.google.api.LogDescriptor$Builder
com.google.api.LogDescriptor
com.google.api.LogDescriptorOrBuilder
com.google.api.LogProto
com.google.api.Logging$1
com.google.api.Logging$Builder
com.google.api.Logging$LoggingDestination$Builder
com.google.api.Logging$LoggingDestination
com.google.api.Logging$LoggingDestinationOrBuilder
com.google.api.Logging
com.google.api.LoggingOrBuilder
com.google.api.LoggingProto
com.google.api.Metric$1
com.google.api.Metric$Builder
com.google.api.Metric$LabelsDefaultEntryHolder
com.google.api.Metric
com.google.api.MetricDescriptor$1
com.google.api.MetricDescriptor$Builder
com.google.api.MetricDescriptor$MetricDescriptorMetadata$Builder
com.google.api.MetricDescriptor$MetricDescriptorMetadata
com.google.api.MetricDescriptor$MetricDescriptorMetadataOrBuilder
com.google.api.MetricDescriptor$MetricKind$1
com.google.api.MetricDescriptor$MetricKind$MetricKindVerifier
com.google.api.MetricDescriptor$MetricKind
com.google.api.MetricDescriptor$ValueType$1
com.google.api.MetricDescriptor$ValueType$ValueTypeVerifier
com.google.api.MetricDescriptor$ValueType
com.google.api.MetricDescriptor
com.google.api.MetricDescriptorOrBuilder
com.google.api.MetricOrBuilder
com.google.api.MetricProto
com.google.api.MetricRule$1
com.google.api.MetricRule$Builder
com.google.api.MetricRule$MetricCostsDefaultEntryHolder
com.google.api.MetricRule
com.google.api.MetricRuleOrBuilder
com.google.api.MonitoredResource$1
com.google.api.MonitoredResource$Builder
com.google.api.MonitoredResource$LabelsDefaultEntryHolder
com.google.api.MonitoredResource
com.google.api.MonitoredResourceDescriptor$1